E:\LOCALS\PFX-SAMPLES\NET4\MANDELBROTFRACTALS\MANDELBROTFRACTALS_CPPCLI\RELEASE\.NETFRAMEWORK,VERSION=V4.0.ASSEMBLYATTRIBUTES.OBJ
E:\LOCALS\PFX-SAMPLES\NET4\MANDELBROTFRACTALS\MANDELBROTFRACTALS_CPPCLI\RELEASE\APP.RES
E:\LOCALS\PFX-SAMPLES\NET4\MANDELBROTFRACTALS\MANDELBROTFRACTALS_CPPCLI\RELEASE\ASSEMBLYINFO.OBJ
E:\locals\PFX-Samples\NET4\MandelbrotFractals\MandelbrotFractals_CppCli\Release\cl.command.1.tlog
E:\locals\PFX-Samples\NET4\MandelbrotFractals\MandelbrotFractals_CppCli\Release\CL.read.1.tlog
E:\locals\PFX-Samples\NET4\MandelbrotFractals\MandelbrotFractals_CppCli\Release\CL.write.1.tlog
E:\locals\PFX-Samples\NET4\MandelbrotFractals\MandelbrotFractals_CppCli\Release\link.command.1.tlog
E:\locals\PFX-Samples\NET4\MandelbrotFractals\MandelbrotFractals_CppCli\Release\link.read.1.tlog
E:\locals\PFX-Samples\NET4\MandelbrotFractals\MandelbrotFractals_CppCli\Release\link.write.1.tlog
E:\locals\PFX-Samples\NET4\MandelbrotFractals\MandelbrotFractals_CppCli\Release\link-cvtres.read.1.tlog
E:\locals\PFX-Samples\NET4\MandelbrotFractals\MandelbrotFractals_CppCli\Release\link-cvtres.write.1.tlog
E:\locals\PFX-Samples\NET4\MandelbrotFractals\MandelbrotFractals_CppCli\Release\MandelbrotFractals.Form1.resources
E:\LOCALS\PFX-SAMPLES\NET4\MANDELBROTFRACTALS\MANDELBROTFRACTALS_CPPCLI\RELEASE\MANDELBROTFRACTALS.OBJ
E:\locals\PFX-Samples\NET4\MandelbrotFractals\MandelbrotFractals_CppCli\Release\MandelbrotFractals.vcxproj.GenerateResource.Cache
E:\LOCALS\PFX-SAMPLES\NET4\MANDELBROTFRACTALS\MANDELBROTFRACTALS_CPPCLI\RELEASE\MANDELBROTFRACTALS_CPLUSPLUS.EXE
E:\LOCALS\PFX-SAMPLES\NET4\MANDELBROTFRACTALS\MANDELBROTFRACTALS_CPPCLI\RELEASE\MANDELBROTFRACTALS_CPLUSPLUS.EXE.INTERMEDIATE.MANIFEST
E:\locals\PFX-Samples\NET4\MandelbrotFractals\MandelbrotFractals_CppCli\Release\MandelbrotFractals_CPlusPlus.exe.metagen
E:\LOCALS\PFX-SAMPLES\NET4\MANDELBROTFRACTALS\MANDELBROTFRACTALS_CPPCLI\RELEASE\MANDELBROTFRACTALS_CPLUSPLUS.PCH
E:\LOCALS\PFX-SAMPLES\NET4\MANDELBROTFRACTALS\MANDELBROTFRACTALS_CPPCLI\RELEASE\MANDELBROTFRACTALS_CPLUSPLUS.PDB
E:\locals\PFX-Samples\NET4\MandelbrotFractals\MandelbrotFractals_CppCli\Release\MandelbrotFractals_CPlusPlus.write.1.tlog
E:\locals\PFX-Samples\NET4\MandelbrotFractals\MandelbrotFractals_CppCli\Release\metagen.read.1.tlog
E:\locals\PFX-Samples\NET4\MandelbrotFractals\MandelbrotFractals_CppCli\Release\metagen.write.1.tlog
E:\locals\PFX-Samples\NET4\MandelbrotFractals\MandelbrotFractals_CppCli\Release\mt.command.1.tlog
E:\locals\PFX-Samples\NET4\MandelbrotFractals\MandelbrotFractals_CppCli\Release\mt.read.1.tlog
E:\locals\PFX-Samples\NET4\MandelbrotFractals\MandelbrotFractals_CppCli\Release\mt.write.1.tlog
E:\locals\PFX-Samples\NET4\MandelbrotFractals\MandelbrotFractals_CppCli\Release\rc.command.1.tlog
E:\locals\PFX-Samples\NET4\MandelbrotFractals\MandelbrotFractals_CppCli\Release\rc.read.1.tlog
E:\locals\PFX-Samples\NET4\MandelbrotFractals\MandelbrotFractals_CppCli\Release\rc.write.1.tlog
E:\locals\PFX-Samples\NET4\MandelbrotFractals\MandelbrotFractals_CppCli\Release\RSAENH.DLL.bi
E:\LOCALS\PFX-SAMPLES\NET4\MANDELBROTFRACTALS\MANDELBROTFRACTALS_CPPCLI\RELEASE\STDAFX.OBJ
E:\locals\PFX-Samples\NET4\MandelbrotFractals\MandelbrotFractals_CppCli\Release\TZRES.DLL.bi
E:\LOCALS\PFX-SAMPLES\NET4\MANDELBROTFRACTALS\MANDELBROTFRACTALS_CPPCLI\RELEASE\VC100.PDB
