
	#=================================================
	# Nondeterministic Turing Machine (C++ Simulator)
	#   http://sourceforge.net/projects/turing-machine
	#   Version 2.2
	#   -----------
	#   Alex Vinokur
	#   http://up.to/alexvn
	#   alexvn@connect.to
	#-------------------------------------------------
	# MINGW
	# GNU gcc version 3.3.1
	#-------------------------------------------------
	# START
	# Sun Apr 18 08:18:35 2004
	#=================================================



	---> YOUR COMMAND LINE : turing-m.exe -h 

	USAGE    : turing-m.exe [ metafile-name : Default = metafile ]
	         : turing-m.exe [ -h | --help | ? ]

	EXAMPLES : turing-m.exe
	         : turing-m.exe metafile1
	         : turing-m.exe -h
	         : turing-m.exe --help
	         : turing-m.exe ?


   ########## Metafile structure ##########
    Each row contains data related to some Nondeterministic Turing Machine
   ----------------------------------------
    Field#1 : description file name
    Field#2 : number of tapes
    Field#3 : states file name
    Field#4 : alphabet file name
    Field#4 : transitions file name
    Field#6 : input words file#1 name
    Field#7 : input words file#2 name [optional]
    ....... : .........
    Field#n : input words file#(n-4) name [optional]
   ########################################


   ========== Description file structure ==========
    --- Your text :
    --- Description of your Nondeterministic Turing Machine
   ================================================


   ========== States file structure ==========
    Row#1 : list of initial states
    Row#2 : list of halting states
    Row#3 : list of internal states
   ===========================================


   ========== Alphabet file structure ==========
    Row#1 : list of empty symbols (empty symbols alphabet)
    Row#2 : list of internal symbols
    Row#3 : list of input symbols
   =============================================


   ========== Transition file structure ==========
    Each row contains some transition rule
    Let n be number of tapes
   -----------------------------------------------
    Field#    0 : current state
    Field#    1 : current symbol on tape#0
    Field#    2 : current symbol on tape#1
    Field#    3 : current symbol on tape#2
    ....................
    Field#  n+1 : next state
    Field#  n+2 : next symbol    on tape#0
    Field#  n+3 : shift          on tape#0
    Field#  n+4 : next symbol    on tape#1
    Field#  n+5 : shift          on tape#1
    Field#  n+6 : next symbol    on tape#2
    Field#  n+7 : shift          on tape#2
    ....................
   ===============================================


   ========== Input words file structure ==========
    Each row contains input word for some tape
    Let n be number of tapes
   ------------------------------------------------
    Row#    0 : input word on tape#0
    Row#    1 : input word on tape#1
    Row#    2 : input word on tape#2
    ....................
    Row#  n-1 : input word on tape#(n-1)
   ================================================
   Note! Symbol "-" may be used as (optional) pointer
         to start position of machine head on tape(s).
         In this case that symbol should be inserted
         before a pointed position




   ########## Metafile sample ##########
sample1.dsc 2 sample1.sta sample1.abt sample1.rul sample11.in sample12.in sample13.in 
sample2.dsc 5 sample2.sta sample2.abt sample2.rul sample21.in 
descr.txt 3 states.txt alphabet.txt rules.txt input1.txt input2.txt 
sample3.dsc 1 sample3.sta sample3.abt sample3.rul sample31.in sample32.in 
   #####################################




     /// --- Sample of Nondeterministic Turing Machine Definition : BEGIN --- \\\
         A Nondeterministic Turing Machine example : Partition Problem
         * from "The Design and Analysis of Computer Algorithms [1976]"
         * by A.V.Aho, J.E.Hopcroft, J.D.Ullman
         * --> See examples 10.1
         is used in samples below


   ========== Description file sample ==========
A Noneterministic Turing Machine example : Partition Problem 
* from "The Design and Analysis of Computer Algorithms [1976]" 
* by A.V.Aho, J.E.Hopcroft, J.D.Ullman 
* --> See examples 10.1 
   =============================================


   ========== States file sample ==========
q0 
q5 
q1 q2 q3 q4 
   ========================================


   ========== Alphabet file sample ==========
b 
x 
0 1 
   ==========================================


   ========== Transitions file sample ==========
   ------------ Number of tapes = 3 ------------
q0  1 b b     q1  1 N  x R  x R 
q1  1 b b     q2  1 R  b N  b N 
q1  1 b b     q3  1 R  b N  b N 
q2  0 b b     q2  0 R  0 R  b N 
q2  1 b b     q1  1 N  b N  b N 
q2  b b b     q4  b N  b L  b L 
q3  0 b b     q3  0 R  b N  0 R 
q3  1 b b     q1  1 N  b N  b N 
q3  b b b     q4  b N  b L  b L 
q4  b 0 0     q4  b N  0 L  0 L 
q4  b x x     q5  b N  x N  x N 
   =============================================


   ========== Input words file sample-1 ==========
   ------------ Number of tapes = 3 ------------
1 0 1 0 0 1 0 
b 
b 
   ===============================================

   ========== Input words file sample-2 ==========
   ------------ Number of tapes = 3 ------------
1 0 - 1 0 0 1 0 
b 
- b 
   ===============================================
   Note! Symbol "-" is (optional) pointer to start position of machine head


     /// --- Sample of Nondeterministic Turing Machine Definition : END --- \\\





	#=================================================
	# Nondeterministic Turing Machine (C++ Simulator)
	#   http://sourceforge.net/projects/turing-machine
	#   Version 2.2
	#   -----------
	#   Alex Vinokur
	#   http://up.to/alexvn
	#   alexvn@connect.to
	#-------------------------------------------------
	# MINGW
	# GNU gcc version 3.3.1
	#-------------------------------------------------
	# FINISH
	# Sun Apr 18 08:18:35 2004
	#=================================================

