E:\LOCALS\PFX-SAMPLES\NET4\MANDELBROTFRACTALS\MANDELBROTFRACTALS_CPPCLI\DEBUG\.NETFRAMEWORK,VERSION=V4.0.ASSEMBLYATTRIBUTES.OBJ
E:\LOCALS\PFX-SAMPLES\NET4\MANDELBROTFRACTALS\MANDELBROTFRACTALS_CPPCLI\DEBUG\APP.RES
E:\LOCALS\PFX-SAMPLES\NET4\MANDELBROTFRACTALS\MANDELBROTFRACTALS_CPPCLI\DEBUG\ASSEMBLYINFO.OBJ
E:\locals\PFX-Samples\NET4\MandelbrotFractals\MandelbrotFractals_CppCli\Debug\cl.command.1.tlog
E:\locals\PFX-Samples\NET4\MandelbrotFractals\MandelbrotFractals_CppCli\Debug\CL.read.1.tlog
E:\locals\PFX-Samples\NET4\MandelbrotFractals\MandelbrotFractals_CppCli\Debug\CL.write.1.tlog
E:\locals\PFX-Samples\NET4\MandelbrotFractals\MandelbrotFractals_CppCli\Debug\link.5664.read.1.tlog
E:\locals\PFX-Samples\NET4\MandelbrotFractals\MandelbrotFractals_CppCli\Debug\link.5664.write.1.tlog
E:\locals\PFX-Samples\NET4\MandelbrotFractals\MandelbrotFractals_CppCli\Debug\link.5664-cvtres.read.1.tlog
E:\locals\PFX-Samples\NET4\MandelbrotFractals\MandelbrotFractals_CppCli\Debug\link.5664-cvtres.write.1.tlog
E:\locals\PFX-Samples\NET4\MandelbrotFractals\MandelbrotFractals_CppCli\Debug\link.command.1.tlog
E:\locals\PFX-Samples\NET4\MandelbrotFractals\MandelbrotFractals_CppCli\Debug\link.read.1.tlog
E:\locals\PFX-Samples\NET4\MandelbrotFractals\MandelbrotFractals_CppCli\Debug\link.write.1.tlog
E:\locals\PFX-Samples\NET4\MandelbrotFractals\MandelbrotFractals_CppCli\Debug\MandelbrotFractals.Form1.resources
E:\LOCALS\PFX-SAMPLES\NET4\MANDELBROTFRACTALS\MANDELBROTFRACTALS_CPPCLI\DEBUG\MANDELBROTFRACTALS.OBJ
E:\locals\PFX-Samples\NET4\MandelbrotFractals\MandelbrotFractals_CppCli\Debug\MandelbrotFractals.vcxproj.GenerateResource.Cache
E:\LOCALS\PFX-SAMPLES\NET4\MANDELBROTFRACTALS\MANDELBROTFRACTALS_CPPCLI\DEBUG\MANDELBROTFRACTALS_CPLUSPLUS.EXE
E:\LOCALS\PFX-SAMPLES\NET4\MANDELBROTFRACTALS\MANDELBROTFRACTALS_CPPCLI\DEBUG\MANDELBROTFRACTALS_CPLUSPLUS.EXE.INTERMEDIATE.MANIFEST
E:\locals\PFX-Samples\NET4\MandelbrotFractals\MandelbrotFractals_CppCli\Debug\MandelbrotFractals_CPlusPlus.exe.metagen
E:\LOCALS\PFX-SAMPLES\NET4\MANDELBROTFRACTALS\MANDELBROTFRACTALS_CPPCLI\DEBUG\MANDELBROTFRACTALS_CPLUSPLUS.ILK
E:\LOCALS\PFX-SAMPLES\NET4\MANDELBROTFRACTALS\MANDELBROTFRACTALS_CPPCLI\DEBUG\MANDELBROTFRACTALS_CPLUSPLUS.PCH
E:\LOCALS\PFX-SAMPLES\NET4\MANDELBROTFRACTALS\MANDELBROTFRACTALS_CPPCLI\DEBUG\MANDELBROTFRACTALS_CPLUSPLUS.PDB
E:\locals\PFX-Samples\NET4\MandelbrotFractals\MandelbrotFractals_CppCli\Debug\MandelbrotFractals_CPlusPlus.write.1.tlog
E:\locals\PFX-Samples\NET4\MandelbrotFractals\MandelbrotFractals_CppCli\Debug\metagen.read.1.tlog
E:\locals\PFX-Samples\NET4\MandelbrotFractals\MandelbrotFractals_CppCli\Debug\metagen.write.1.tlog
E:\locals\PFX-Samples\NET4\MandelbrotFractals\MandelbrotFractals_CppCli\Debug\mt.command.1.tlog
E:\locals\PFX-Samples\NET4\MandelbrotFractals\MandelbrotFractals_CppCli\Debug\mt.read.1.tlog
E:\locals\PFX-Samples\NET4\MandelbrotFractals\MandelbrotFractals_CppCli\Debug\mt.write.1.tlog
E:\locals\PFX-Samples\NET4\MandelbrotFractals\MandelbrotFractals_CppCli\Debug\rc.command.1.tlog
E:\locals\PFX-Samples\NET4\MandelbrotFractals\MandelbrotFractals_CppCli\Debug\rc.read.1.tlog
E:\locals\PFX-Samples\NET4\MandelbrotFractals\MandelbrotFractals_CppCli\Debug\rc.write.1.tlog
E:\locals\PFX-Samples\NET4\MandelbrotFractals\MandelbrotFractals_CppCli\Debug\RSAENH.DLL.bi
E:\LOCALS\PFX-SAMPLES\NET4\MANDELBROTFRACTALS\MANDELBROTFRACTALS_CPPCLI\DEBUG\STDAFX.OBJ
E:\locals\PFX-Samples\NET4\MandelbrotFractals\MandelbrotFractals_CppCli\Debug\TZRES.DLL.bi
E:\LOCALS\PFX-SAMPLES\NET4\MANDELBROTFRACTALS\MANDELBROTFRACTALS_CPPCLI\DEBUG\VC100.PDB
