Build started 5/14/2013 12:35:12 PM.
     1>Project "C:\Users\Jonathan_Moore\Desktop\WTL80\Samples\BmpView\BmpView.vcxproj" on node 2 (build target(s)).
     1>InitializeBuildStatus:
         Touching ".\Debug\BmpView.unsuccessfulbuild".
       ClCompile:
         All outputs are up-to-date.
         All outputs are up-to-date.
       ResourceCompile:
         All outputs are up-to-date.
       Link:
         C:\Program Files (x86)\Microsoft Visual Studio 10.0\VC\bin\link.exe /ERRORREPORT:PROMPT /OUT:".\Debug\BmpView.exe" /INCREMENTAL:NO /NOLOGO odbc32.lib odbccp32.lib comctl32.lib kernel32.lib user32.lib gdi32.lib winspool.lib comdlg32.lib advapi32.lib shell32.lib ole32.lib oleaut32.lib uuid.lib odbc32.lib odbccp32.lib /MANIFEST /ManifestFile:".\Debug\BmpView.exe.intermediate.manifest" /MANIFESTUAC:"level='asInvoker' uiAccess='false'" /DEBUG /PDB:"C:\Users\Jonathan_Moore\Desktop\WTL80\Samples\BmpView\Debug\BmpView.pdb" /SUBSYSTEM:WINDOWS /TLBID:1 /DYNAMICBASE /NXCOMPAT /IMPLIB:".\Debug\BmpView.lib" /MACHINE:X86 .\Debug\BmpView.res
         .\Debug\BmpView.obj
         .\Debug\stdafx.obj
     1>BmpView.obj : warning LNK4075: ignoring '/EDITANDCONTINUE' due to '/INCREMENTAL:NO' specification
         BmpView.vcxproj -> C:\Users\Jonathan_Moore\Desktop\WTL80\Samples\BmpView\.\Debug\BmpView.exe
       Manifest:
         C:\Program Files (x86)\Microsoft SDKs\Windows\v7.0A\bin\mt.exe /nologo /verbose /outputresource:".\Debug\BmpView.exe;#1" /manifest res\BmpView.exe.manifest .\Debug\BmpView.exe.intermediate.manifest
       FinalizeBuildStatus:
         Deleting file ".\Debug\BmpView.unsuccessfulbuild".
         Touching ".\Debug\BmpView.lastbuildstate".
     1>Done Building Project "C:\Users\Jonathan_Moore\Desktop\WTL80\Samples\BmpView\BmpView.vcxproj" (build target(s)).

Build succeeded.

Time Elapsed 00:00:01.34
