Build started 5/14/2013 2:54:01 PM.
     1>Project "C:\Users\Jonathan_Moore\Desktop\WTL80\Samples\WTLExplorer\WTLExplorer.vcxproj" on node 2 (build target(s)).
     1>InitializeBuildStatus:
         Touching ".\Debug\WTLExplorer.unsuccessfulbuild".
       ClCompile:
         All outputs are up-to-date.
         All outputs are up-to-date.
       ResourceCompile:
         All outputs are up-to-date.
       Link:
         C:\Program Files (x86)\Microsoft Visual Studio 10.0\VC\bin\link.exe /ERRORREPORT:PROMPT /OUT:".\Debug\WTLExplorer.exe" /INCREMENTAL:NO /NOLOGO odbc32.lib odbccp32.lib comctl32.lib shlwapi.lib kernel32.lib user32.lib gdi32.lib winspool.lib comdlg32.lib advapi32.lib shell32.lib ole32.lib oleaut32.lib uuid.lib odbc32.lib odbccp32.lib /MANIFEST /ManifestFile:".\Debug\WTLExplorer.exe.intermediate.manifest" /MANIFESTUAC:"level='asInvoker' uiAccess='false'" /DEBUG /PDB:"C:\Users\Jonathan_Moore\Desktop\WTL80\Samples\WTLExplorer\Debug\WTLExplorer.pdb" /SUBSYSTEM:WINDOWS /TLBID:1 /DYNAMICBASE /NXCOMPAT /IMPLIB:".\Debug\WTLExplorer.lib" /MACHINE:X86 .\Debug\WTLExplorer.res
         .\Debug\MainFrm.obj
         .\Debug\ShellMgr.obj
         .\Debug\stdafx.obj
         .\Debug\WTLExplorer.obj
     1>MainFrm.obj : warning LNK4075: ignoring '/EDITANDCONTINUE' due to '/INCREMENTAL:NO' specification
         WTLExplorer.vcxproj -> C:\Users\Jonathan_Moore\Desktop\WTL80\Samples\WTLExplorer\.\Debug\WTLExplorer.exe
       Manifest:
         C:\Program Files (x86)\Microsoft SDKs\Windows\v7.0A\bin\mt.exe /nologo /verbose /outputresource:".\Debug\WTLExplorer.exe;#1" /manifest .\Debug\WTLExplorer.exe.intermediate.manifest
       FinalizeBuildStatus:
         Deleting file ".\Debug\WTLExplorer.unsuccessfulbuild".
         Touching ".\Debug\WTLExplorer.lastbuildstate".
     1>Done Building Project "C:\Users\Jonathan_Moore\Desktop\WTL80\Samples\WTLExplorer\WTLExplorer.vcxproj" (build target(s)).

Build succeeded.

Time Elapsed 00:00:01.34
